New log file opened at Mon Mar 02 19:23:52 CET 2015 by 5380@User-PC
Sending msg to client activator-6823fb97-d015-47e9-9a63-0a8a12784694: DetachedLogEvent(LogMessage(debug,sbt server socket logs are in: C:\Users\User\Desktop\playspace\bitBay\.sbtserver\connections\master.log))
Sending msg to client activator-6823fb97-d015-47e9-9a63-0a8a12784694: DetachedLogEvent(LogMessage(debug,sbt general server logs are in: C:\Users\User\Desktop\playspace\bitBay\.sbtserver\master.log))
Sending msg to client activator-6823fb97-d015-47e9-9a63-0a8a12784694: DetachedLogEvent(LogMessage(debug,sbt client logs are in: C:\Users\User\Desktop\playspace\bitBay\.sbtserver\connections\activator-6823fb97-d015-47e9-9a63-0a8a12784694.log))
Reading next message from client.
Got request: ListenToEvents()
Reading next message from client.
Got request: ListenToBuildChange()
Reading next message from client.
Got request: SendSyntheticBuildChanged()
Reading next message from client.
Got request: KeyLookupRequest(discoveredMainClasses)
Reading next message from client.
Got request: KeyLookupRequest(mainClass)
Reading next message from client.
Got request: KeyLookupRequest(echo:echoTraceSupported)
Reading next message from client.
Got request: KeyLookupRequest(echo:echoPlayVersionReport)
Reading next message from client.
Got request: KeyLookupRequest(echo:echoAkkaVersionReport)
Reading next message from client.
Got request: KeyLookupRequest(echo:echoTracePlayVersion)
Reading next message from client.
Sending msg to client activator-6823fb97-d015-47e9-9a63-0a8a12784694: ExecutionWaiting(2,{file:/C:/Users/User/Desktop/playspace/bitBay/}root/compile:discoveredMainClasses,ClientInfo(c375c7f4-e952-40f1-9e5a-4ed08c138cb3,activator,Activator,1,Vector()))
Sending msg to client activator-6823fb97-d015-47e9-9a63-0a8a12784694: ExecutionStarting(2)
Sending msg to client activator-6823fb97-d015-47e9-9a63-0a8a12784694: TaskStarted(2,68,Some(AttributeKey[sbt.compiler.IC$Result]("compileIncremental") in Scope(Build: file:/C:/Users/User/Desktop/playspace/bitBay/, , Project: ProjectReference(file:/C:/Users/User/Desktop/playspace/bitBay/,root), Config: compile)))
Sending msg to client activator-6823fb97-d015-47e9-9a63-0a8a12784694: ExecutionWaiting(3,{file:/C:/Users/User/Desktop/playspace/bitBay/}root/compile:discoveredMainClasses,ClientInfo(c375c7f4-e952-40f1-9e5a-4ed08c138cb3,activator,Activator,1,Vector()))
Sending msg to client activator-6823fb97-d015-47e9-9a63-0a8a12784694: ExecutionWaiting(4,{file:/C:/Users/User/Desktop/playspace/bitBay/}root/compile:mainClass,ClientInfo(c375c7f4-e952-40f1-9e5a-4ed08c138cb3,activator,Activator,1,Vector()))
Sending msg to client activator-6823fb97-d015-47e9-9a63-0a8a12784694: (3,ReceivedResponse())
Sending msg to client activator-6823fb97-d015-47e9-9a63-0a8a12784694: (4,ReceivedResponse())
Sending msg to client activator-6823fb97-d015-47e9-9a63-0a8a12784694: BuildStructureChanged(MinimalBuildStructure(Vector(file:/C:/Users/User/Desktop/playspace/bitBay/),Vector(MinimalProjectStructure(ProjectReference(file:/C:/Users/User/Desktop/playspace/bitBay/,root),Vector(sbt.plugins.CorePlugin, com.typesafe.sbt.web.SbtWeb, sbt.plugins.IvyPlugin, com.typesafe.sbt.webdriver.SbtWebDriver, com.typesafe.sbt.jse.SbtJsEngine, com.typesafe.sbt.digest.SbtDigest, sbt.plugins.JvmPlugin, com.typesafe.sbt.jse.SbtJsTask, play.twirl.sbt.SbtTwirl, com.typesafe.sbt.jshint.SbtJSHint, sbt.plugins.JUnitXmlReportPlugin, com.typesafe.sbt.mocha.SbtMocha, com.typesafe.sbt.less.SbtLess, com.typesafe.sbt.rjs.SbtRjs, com.typesafe.sbt.coffeescript.SbtCoffeeScript, play.Play, play.PlayJava)))))
Sending msg to client activator-6823fb97-d015-47e9-9a63-0a8a12784694: (6,KeyLookupResponse(discoveredMainClasses,Vector(AttributeKey[scala.collection.Seq[java.lang.String]]("discoveredMainClasses") in Scope(Build: file:/C:/Users/User/Desktop/playspace/bitBay/, , Project: ProjectReference(file:/C:/Users/User/Desktop/playspace/bitBay/,root), Config: compile))))
Sending msg to client activator-6823fb97-d015-47e9-9a63-0a8a12784694: (7,KeyLookupResponse(mainClass,Vector(AttributeKey[scala.Option[java.lang.String]]("mainClass") in Scope(Build: file:/C:/Users/User/Desktop/playspace/bitBay/, , Project: ProjectReference(file:/C:/Users/User/Desktop/playspace/bitBay/,root), Config: compile))))
Got request: KeyLookupRequest(echo:echoAkkaVersionReport)
Reading next message from client.
Got request: KeyLookupRequest(discoveredMainClasses)
Reading next message from client.
Got request: KeyLookupRequest(echo:echoTracePlayVersion)
Reading next message from client.
Got request: KeyLookupRequest(mainClass)
Reading next message from client.
Got request: KeyLookupRequest(echo:echoTraceSupported)
Reading next message from client.
Got request: KeyLookupRequest(echo:echoPlayVersionReport)
Reading next message from client.
Sending msg to client activator-6823fb97-d015-47e9-9a63-0a8a12784694: (8,KeyLookupResponse(echo:echoTraceSupported,Vector()))
Got request: ListenToValue(AttributeKey[scala.collection.Seq[java.lang.String]]("discoveredMainClasses") in Scope(Build: file:/C:/Users/User/Desktop/playspace/bitBay/, , Project: ProjectReference(file:/C:/Users/User/Desktop/playspace/bitBay/,root), Config: compile))
Reading next message from client.
Got request: SendSyntheticValueChanged(AttributeKey[scala.collection.Seq[java.lang.String]]("discoveredMainClasses") in Scope(Build: file:/C:/Users/User/Desktop/playspace/bitBay/, , Project: ProjectReference(file:/C:/Users/User/Desktop/playspace/bitBay/,root), Config: compile))
Reading next message from client.
Got request: ListenToValue(AttributeKey[scala.Option[java.lang.String]]("mainClass") in Scope(Build: file:/C:/Users/User/Desktop/playspace/bitBay/, , Project: ProjectReference(file:/C:/Users/User/Desktop/playspace/bitBay/,root), Config: compile))
Reading next message from client.
Got request: SendSyntheticValueChanged(AttributeKey[scala.Option[java.lang.String]]("mainClass") in Scope(Build: file:/C:/Users/User/Desktop/playspace/bitBay/, , Project: ProjectReference(file:/C:/Users/User/Desktop/playspace/bitBay/,root), Config: compile))
Reading next message from client.
Sending msg to client activator-6823fb97-d015-47e9-9a63-0a8a12784694: (9,KeyLookupResponse(echo:echoPlayVersionReport,Vector()))
Sending msg to client activator-6823fb97-d015-47e9-9a63-0a8a12784694: (10,KeyLookupResponse(echo:echoAkkaVersionReport,Vector()))
Sending msg to client activator-6823fb97-d015-47e9-9a63-0a8a12784694: (11,KeyLookupResponse(echo:echoTracePlayVersion,Vector()))
Sending msg to client activator-6823fb97-d015-47e9-9a63-0a8a12784694: (12,KeyLookupResponse(echo:echoAkkaVersionReport,Vector()))
Sending msg to client activator-6823fb97-d015-47e9-9a63-0a8a12784694: (13,KeyLookupResponse(discoveredMainClasses,Vector(AttributeKey[scala.collection.Seq[java.lang.String]]("discoveredMainClasses") in Scope(Build: file:/C:/Users/User/Desktop/playspace/bitBay/, , Project: ProjectReference(file:/C:/Users/User/Desktop/playspace/bitBay/,root), Config: compile))))
Sending msg to client activator-6823fb97-d015-47e9-9a63-0a8a12784694: (14,KeyLookupResponse(echo:echoTracePlayVersion,Vector()))
Sending msg to client activator-6823fb97-d015-47e9-9a63-0a8a12784694: (15,KeyLookupResponse(mainClass,Vector(AttributeKey[scala.Option[java.lang.String]]("mainClass") in Scope(Build: file:/C:/Users/User/Desktop/playspace/bitBay/, , Project: ProjectReference(file:/C:/Users/User/Desktop/playspace/bitBay/,root), Config: compile))))
Sending msg to client activator-6823fb97-d015-47e9-9a63-0a8a12784694: (16,KeyLookupResponse(echo:echoTraceSupported,Vector()))
Sending msg to client activator-6823fb97-d015-47e9-9a63-0a8a12784694: (17,KeyLookupResponse(echo:echoPlayVersionReport,Vector()))
Sending msg to client activator-6823fb97-d015-47e9-9a63-0a8a12784694: (18,ReceivedResponse())
Sending msg to client activator-6823fb97-d015-47e9-9a63-0a8a12784694: (19,ReceivedResponse())
Sending msg to client activator-6823fb97-d015-47e9-9a63-0a8a12784694: (20,ReceivedResponse())
Sending msg to client activator-6823fb97-d015-47e9-9a63-0a8a12784694: (21,ReceivedResponse())
Got request: UnlistenToEvents()
Reading next message from client.
Sending msg to client activator-6823fb97-d015-47e9-9a63-0a8a12784694: (22,ReceivedResponse())
Got request: UnlistenToValue(AttributeKey[scala.collection.Seq[java.lang.String]]("discoveredMainClasses") in Scope(Build: file:/C:/Users/User/Desktop/playspace/bitBay/, , Project: ProjectReference(file:/C:/Users/User/Desktop/playspace/bitBay/,root), Config: compile))
Reading next message from client.
Got request: UnlistenToValue(AttributeKey[scala.Option[java.lang.String]]("mainClass") in Scope(Build: file:/C:/Users/User/Desktop/playspace/bitBay/, , Project: ProjectReference(file:/C:/Users/User/Desktop/playspace/bitBay/,root), Config: compile))
Reading next message from client.
Got request: UnlistenToBuildChange()
Reading next message from client.
Client activator-6823fb97-d015-47e9-9a63-0a8a12784694 EOF, shutting down.
Stopping client.
Client activator-6823fb97-d015-47e9-9a63-0a8a12784694 thread exiting.
Dropping message (23,ReceivedResponse()) to dead client activator-6823fb97-d015-47e9-9a63-0a8a12784694
Dropping message (24,ReceivedResponse()) to dead client activator-6823fb97-d015-47e9-9a63-0a8a12784694
Dropping message (25,ReceivedResponse()) to dead client activator-6823fb97-d015-47e9-9a63-0a8a12784694
Dropping message (0,ReceivedResponse()) to dead client activator-6823fb97-d015-47e9-9a63-0a8a12784694
